<?xml version="1.0" encoding="UTF-8"?>
<TestRun id="436697a0-d1fd-442e-8628-125d4a5f72cf" name="John@JOHN-PC 2021-12-17 22:48:07" runUser="John-PC\John" xmlns="http://microsoft.com/schemas/VisualStudio/TeamTest/2010">
  <TestSettings name="Local" id="e6f11351-c71c-4752-bdd7-4332904f524a">
    <Description>These are default test settings for a local test run.</Description>
    <Deployment enabled="false" runDeploymentRoot="John_JOHN-PC 2021-12-17 22_48_07">
      <DeploymentItem filename="F:\study\3rd sem\Software Testing (CSE 6405)\Assignment\assignment-1\factorialConsole\factorialConsole\bin\Debug\factorialConsole.exe" />
    </Deployment>
    <Execution>
      <TestTypeSpecific />
      <AgentRule name="Execution Agents">
      </AgentRule>
    </Execution>
  </TestSettings>
  <Times creation="2021-12-17T22:48:07.7823607+06:00" queuing="2021-12-17T22:48:07.8023607+06:00" start="2021-12-17T22:48:07.8323608+06:00" finish="2021-12-17T22:48:08.0823611+06:00" />
  <ResultSummary outcome="Failed">
    <Counters total="1" executed="1" error="0" failed="1" timeout="0" aborted="0" inconclusive="0" passedButRunAborted="0" notRunnable="0" notExecuted="0" disconnected="0" warning="0" passed="0" completed="0" inProgress="0" pending="0" />
    <RunInfos>
      <RunInfo computerName="JOHN-PC" outcome="Warning" timestamp="2021-12-17T22:48:07.8023607+06:00">
        <Text>Deployment is currently disabled. The deployment item 'factorialConsole.exe' on test 'UnitTest.ProgramTest.factTestforFail' was not deployed.</Text>
      </RunInfo>
    </RunInfos>
  </ResultSummary>
  <TestDefinitions>
    <UnitTest name="factTestforFail" storage="f:\study\3rd sem\software testing (cse 6405)\assignment\assignment-1\factorialconsole\unittest\bin\debug\unittest.dll" id="91571f0c-190f-de65-ba2d-88db156064dd">
      <DeploymentItems>
        <DeploymentItem filename="factorialConsole.exe" />
      </DeploymentItems>
      <Execution id="79ccbb3a-a25d-4d6f-b3f6-547a0e2fddc3" />
      <TestMethod codeBase="F:/study/3rd sem/Software Testing (CSE 6405)/Assignment/assignment-1/factorialConsole/UnitTest/bin/Debug/UnitTest.DLL" adapterTypeName="Microsoft.VisualStudio.TestTools.TestTypes.Unit.UnitTestAdapter, Microsoft.VisualStudio.QualityTools.Tips.UnitTest.Adapter, Version=10.0.0.0, Culture=neutral, PublicKeyToken=b03f5f7f11d50a3a" className="UnitTest.ProgramTest, UnitTest, Version=1.0.0.0, Culture=neutral, PublicKeyToken=null" name="factTestforFail" />
    </UnitTest>
  </TestDefinitions>
  <TestLists>
    <TestList name="Results Not in a List" id="8c84fa94-04c1-424b-9868-57a2d4851a1d" />
    <TestList name="All Loaded Results" id="19431567-8539-422a-85d7-44ee4e166bda" />
  </TestLists>
  <TestEntries>
    <TestEntry testId="91571f0c-190f-de65-ba2d-88db156064dd" executionId="79ccbb3a-a25d-4d6f-b3f6-547a0e2fddc3" testListId="8c84fa94-04c1-424b-9868-57a2d4851a1d" />
  </TestEntries>
  <Results>
    <UnitTestResult executionId="79ccbb3a-a25d-4d6f-b3f6-547a0e2fddc3" testId="91571f0c-190f-de65-ba2d-88db156064dd" testName="factTestforFail" computerName="JOHN-PC" duration="00:00:00.0371344" startTime="2021-12-17T22:48:07.8323608+06:00" endTime="2021-12-17T22:48:08.0723611+06:00" testType="13cdc9d9-ddb5-4fa4-a97d-d965ccfc6d4b" outcome="Failed" testListId="8c84fa94-04c1-424b-9868-57a2d4851a1d" relativeResultsDirectory="79ccbb3a-a25d-4d6f-b3f6-547a0e2fddc3">
      <Output>
        <ErrorInfo>
          <Message>Assert.AreEqual failed. Expected:&lt;100&gt;. Actual:&lt;120&gt;. </Message>
          <StackTrace>   at UnitTest.ProgramTest.factTestforFail() in F:\study\3rd sem\Software Testing (CSE 6405)\Assignment\assignment-1\factorialConsole\UnitTest\ProgramTest.cs:line 115
</StackTrace>
        </ErrorInfo>
      </Output>
    </UnitTestResult>
  </Results>
</TestRun>