<?xml version="1.0" encoding="UTF-8"?>
<TestRun id="a44cef4d-e0dd-47b4-a9a4-385eaf1d58b0" name="John@JOHN-PC 2021-12-17 22:44:07" runUser="John-PC\John" xmlns="http://microsoft.com/schemas/VisualStudio/TeamTest/2010">
  <TestSettings name="Local" id="e6f11351-c71c-4752-bdd7-4332904f524a">
    <Description>These are default test settings for a local test run.</Description>
    <Deployment enabled="false" runDeploymentRoot="John_JOHN-PC 2021-12-17 22_44_07">
      <DeploymentItem filename="F:\study\3rd sem\Software Testing (CSE 6405)\Assignment\assignment-1\factorialConsole\factorialConsole\bin\Debug\factorialConsole.exe" />
    </Deployment>
    <Execution>
      <TestTypeSpecific />
      <AgentRule name="Execution Agents">
      </AgentRule>
    </Execution>
  </TestSettings>
  <Times creation="2021-12-17T22:44:07.7446638+06:00" queuing="2021-12-17T22:44:07.7746638+06:00" start="2021-12-17T22:44:07.7846638+06:00" finish="2021-12-17T22:44:08.0846643+06:00" />
  <ResultSummary outcome="Warning">
    <Counters total="2" executed="2" passed="2" error="0" failed="0" timeout="0" aborted="0" inconclusive="0" passedButRunAborted="0" notRunnable="0" notExecuted="0" disconnected="0" warning="0" completed="0" inProgress="0" pending="0" />
    <RunInfos>
      <RunInfo computerName="JOHN-PC" outcome="Warning" timestamp="2021-12-17T22:44:07.7746638+06:00">
        <Text>Deployment is currently disabled. The deployment item 'factorialConsole.exe' on test 'UnitTest.ProgramTest.factTest' was not deployed.</Text>
      </RunInfo>
    </RunInfos>
  </ResultSummary>
  <TestDefinitions>
    <UnitTest name="factTest" storage="f:\study\3rd sem\software testing (cse 6405)\assignment\assignment-1\factorialconsole\unittest\bin\debug\unittest.dll" id="432c641d-2c8e-d70c-c500-a4a163c51240">
      <DeploymentItems>
        <DeploymentItem filename="factorialConsole.exe" />
      </DeploymentItems>
      <Execution id="0cda494b-80f3-4615-b8cb-4f557925ea78" />
      <TestMethod codeBase="F:/study/3rd sem/Software Testing (CSE 6405)/Assignment/assignment-1/factorialConsole/UnitTest/bin/Debug/UnitTest.DLL" adapterTypeName="Microsoft.VisualStudio.TestTools.TestTypes.Unit.UnitTestAdapter, Microsoft.VisualStudio.QualityTools.Tips.UnitTest.Adapter, Version=10.0.0.0, Culture=neutral, PublicKeyToken=b03f5f7f11d50a3a" className="UnitTest.ProgramTest, UnitTest, Version=1.0.0.0, Culture=neutral, PublicKeyToken=null" name="factTest" />
    </UnitTest>
    <UnitTest name="factTestforZero" storage="f:\study\3rd sem\software testing (cse 6405)\assignment\assignment-1\factorialconsole\unittest\bin\debug\unittest.dll" id="ac28fe48-50b9-b5e6-9bfe-f09842d3e27c">
      <DeploymentItems>
        <DeploymentItem filename="factorialConsole.exe" />
      </DeploymentItems>
      <Execution id="075f673a-0481-45c8-b9b5-bbc6db6458a9" />
      <TestMethod codeBase="F:/study/3rd sem/Software Testing (CSE 6405)/Assignment/assignment-1/factorialConsole/UnitTest/bin/Debug/UnitTest.DLL" adapterTypeName="Microsoft.VisualStudio.TestTools.TestTypes.Unit.UnitTestAdapter, Microsoft.VisualStudio.QualityTools.Tips.UnitTest.Adapter, Version=10.0.0.0, Culture=neutral, PublicKeyToken=b03f5f7f11d50a3a" className="UnitTest.ProgramTest, UnitTest, Version=1.0.0.0, Culture=neutral, PublicKeyToken=null" name="factTestforZero" />
    </UnitTest>
  </TestDefinitions>
  <TestLists>
    <TestList name="Results Not in a List" id="8c84fa94-04c1-424b-9868-57a2d4851a1d" />
    <TestList name="All Loaded Results" id="19431567-8539-422a-85d7-44ee4e166bda" />
  </TestLists>
  <TestEntries>
    <TestEntry testId="ac28fe48-50b9-b5e6-9bfe-f09842d3e27c" executionId="075f673a-0481-45c8-b9b5-bbc6db6458a9" testListId="8c84fa94-04c1-424b-9868-57a2d4851a1d" />
    <TestEntry testId="432c641d-2c8e-d70c-c500-a4a163c51240" executionId="0cda494b-80f3-4615-b8cb-4f557925ea78" testListId="8c84fa94-04c1-424b-9868-57a2d4851a1d" />
  </TestEntries>
  <Results>
    <UnitTestResult executionId="075f673a-0481-45c8-b9b5-bbc6db6458a9" testId="ac28fe48-50b9-b5e6-9bfe-f09842d3e27c" testName="factTestforZero" computerName="JOHN-PC" duration="00:00:00.0180540" startTime="2021-12-17T22:44:07.8546639+06:00" endTime="2021-12-17T22:44:08.0646642+06:00" testType="13cdc9d9-ddb5-4fa4-a97d-d965ccfc6d4b" outcome="Passed" testListId="8c84fa94-04c1-424b-9868-57a2d4851a1d" relativeResultsDirectory="075f673a-0481-45c8-b9b5-bbc6db6458a9">
    </UnitTestResult>
    <UnitTestResult executionId="0cda494b-80f3-4615-b8cb-4f557925ea78" testId="432c641d-2c8e-d70c-c500-a4a163c51240" testName="factTest" computerName="JOHN-PC" duration="00:00:00.0001963" startTime="2021-12-17T22:44:08.0646642+06:00" endTime="2021-12-17T22:44:08.0746643+06:00" testType="13cdc9d9-ddb5-4fa4-a97d-d965ccfc6d4b" outcome="Passed" testListId="8c84fa94-04c1-424b-9868-57a2d4851a1d" relativeResultsDirectory="0cda494b-80f3-4615-b8cb-4f557925ea78">
    </UnitTestResult>
  </Results>
</TestRun>